<?xml version="1.0" encoding="UTF-8"?>
<!-- Generated by org.testng.reporters.JUnitXMLReporter -->
<testsuite ignored="0" hostname="DESKTOP-QGMI36O" failures="0" tests="4" name="Default test" time="299.723" errors="0" timestamp="2026-05-05T14:41:19 IST">
  <testcase classname="tests.LoginTest" name="testValidLogin" time="40.721"/>
  <testcase classname="tests.LoginTest" name="testValidLogin" time="20.224"/>
  <testcase classname="tests.LoginTest" name="testValidLogin" time="18.33"/>
  <testcase classname="tests.LoginTest" name="testValidLogin" time="8.255"/>
</testsuite> <!-- Default test -->
