<?xml version="1.0" encoding="UTF-8"?>
<!-- Generated by org.testng.reporters.JUnitReportReporter -->
<testsuite hostname="DESKTOP-QGMI36O" failures="0" tests="4" name="tests.LoginTest" time="299.607" errors="0" timestamp="2026-05-05T14:41:20 IST" skipped="0">
  <testcase classname="tests.LoginTest" name="testValidLogin" time="65.887"/>
  <testcase classname="tests.LoginTest" name="testValidLogin" time="49.978"/>
  <testcase classname="tests.LoginTest" name="testValidLogin" time="110.540"/>
  <testcase classname="tests.LoginTest" name="testValidLogin" time="73.202"/>
</testsuite> <!-- tests.LoginTest -->
